Inside /home/fonari/QE-builds/q-e_schrodinger
No git stash/pull
q-e_schrodinger branch = merge-with-qe-5221fa5 (6daad7636)
MMSHARE_DIR = /scr/fonari/2019-3/mmshare-v4.7
LD_LIBRARY_PATH = /scr/fonari/2019-3/mmshare-v4.7/lib/Linux-x86_64/openmpi/lib:/scr/fonari/2019-3/mmshare-v4.7/lib/Linux-x86_64:/software/lib/Linux-x86_64/ifort_2017.1.132/mkl/lib:/software/lib/Linux-x86_64/qt-5.9.5/lib:/software/lib/Linux-x86_64/ifort_2017.1.132/mkl/lib/intel64:/software/lib/Linux-x86_64/ifort_2017.1.132/compiler/lib/intel64:/software/lib/Linux-x86_64/grpc-1.10.0/lib:/software/lib/Linux-x86_64/protobuf-3.5.1/lib64:/software/lib/Linux-x86_64/gcc-6.4.0/lib64:/software/lib/Linux-x86_64/openssl-1.0.2j/lib:/software/lib/Linux-x86_64/python-2.7.13/lib:/software/lib/Linux-x86_64/python-3.6.2-build2/lib
PATH = /scr/fonari/2019-3/mmshare-v4.7/lib/Linux-x86_64/openmpi/bin:/software/lib/Linux-x86_64/llvm+clang-3.7.1/bin:/software/lib/Linux-x86_64/valgrind-3.14.0/bin:/software/lib/Linux-x86_64/qt-5.9.5/bin:/software/lib/Linux-x86_64/pyqt-5.10/bin:/software/lib/Linux-x86_64/perl-5.14.2/bin:/software/lib/Linux-x86_64/perceptualdiff-1.1.1:/software/lib/Linux-x86_64/node-v10.15.0/bin:/software/lib/Linux-x86_64/jdk1.8.0_60/bin:/software/lib/Linux-x86_64/ifort_2017.1.132/bin/intel64:/software/lib/Linux-x86_64/grpc-1.10.0/bin:/software/lib/Linux-x86_64/protobuf-3.5.1/bin:/software/lib/Linux-x86_64/grpc-1.0.1/bin:/software/lib/Linux-x86_64/go-1.10.4/bin:/software/lib/Linux-x86_64/binutils-2.31/bin:/scr/fonari/2019-3/buildvenv/3d2d4dc/bin:/software/lib/Linux-x86_64/gcc-6.4.0/bin:/software/lib/Linux-x86_64/python-3.6.2-build2/bin:/software/lib/Linux-x86_64/python-2.7.13/bin:/usr/local/bin:/bin:/usr/local/sbin:/usr/sbin:/sbin:/utils/bin:/usr/bin
MKLROOT = /software/lib/Linux-x86_64/ifort_2017.1.132/mkl
./bin/pw.x
./bin/dos.x
./bin/projwfc.x
./bin/neb.x
./bin/ph.x
./bin/dynmat.x
./bin/matdyn.x
./bin/turbo_davidson.x
./bin/turbo_eels.x
./bin/turbo_lanczos.x
./bin/turbo_spectrum.x
./bin/epsilon.x
./bin/pp.x
./rVV10_kernel_table
./vdW_kernel_table
./run_qe
Inside /home/fonari/QE-builds/qe
Warning: Permanently added 'github.com,192.30.253.113' (RSA) to the list of known hosts.
Current branch 2019-2 is up to date.
Switched to a new branch '2019-3'
Branch '2019-3' set up to track remote branch 'master' from 'origin'.
Already up to date.
Current branch 2019-3 is up to date.
